#
# A fatal error has been detected by the Java Runtime Environment:
#
#  EXCEPTION_ACCESS_VIOLATION (0xc0000005) at pc=0x66b60c57, pid=2192, tid=0x00000bd0
#
# JRE version: Java(TM) SE Runtime Environment (8.0_162-b12) (build 1.8.0_162-b12)
# Java VM: Java HotSpot(TM) Client VM (25.162-b12 mixed mode windows-x86 )
# Problematic frame:
# V  [jvm.dll+0xc0c57]
#
# Failed to write core dump. Minidumps are not enabled by default on client versions of Windows
#
# If you would like to submit a bug report, please visit:
#   http://bugreport.java.com/bugreport/crash.jsp
#

---------------  T H R E A D  ---------------

Current thread (0x00fddc00):  VMThread [stack: 0x44e70000,0x44ec0000] [id=3024]

siginfo: ExceptionCode=0xc0000005, reading address 0x00000076

Registers:
EAX=0x44ab65c0, EBX=0x1a532564, ECX=0x00000000, EDX=0x00000016
ESP=0x44ebf1fc, EBP=0x44ebf21c, ESI=0x1a532568, EDI=0x19d70630
EIP=0x66b60c57, EFLAGS=0x00010293

Top of Stack: (sp=0x44ebf1fc)
0x44ebf1fc:   1a532560 44a2f0b8 1a532558 44a2f1f0
0x44ebf20c:   1a532568 00000003 00000000 44a2f1e8
0x44ebf21c:   44ebf234 66b68a8d 1a532558 1a47bb38
0x44ebf22c:   000003fe 00000003 44ebf244 66b68aad
0x44ebf23c:   44a2f0b8 1a532558 44ebf264 66c56ae1
0x44ebf24c:   1a532558 49c64400 66e0d4f4 00000000
0x44ebf25c:   ffffffee 66e0d4f4 44ebf270 66c56cdc
0x44ebf26c:   49c64404 44ebf458 66c1b633 49c64404 

Instructions: (pc=0x66b60c57)
0x66b60c37:   80 3d b4 c4 df 66 00 75 0a 8b d0 80 e2 07 80 fa
0x66b60c47:   01 eb 1b 8b c8 83 e1 07 83 f9 05 74 24 8b 57 04
0x66b60c57:   8b 52 60 83 e2 07 80 fa 05 74 0c 83 f9 01 75 07
0x66b60c67:   a9 80 ff ff ff 74 0a 50 57 e8 4b 5b 0f 00 83 c4 


Register to memory mapping:

EAX=0x44ab65c0 is pointing into metadata
EBX=0x1a532564 is pointing into object: 0x1a532558
java.lang.ref.SoftReference 
 - klass: 'java/lang/ref/SoftReference'
ECX=0x00000000 is an unknown value
EDX=0x00000016 is an unknown value
ESP=0x44ebf1fc is an unknown value
EBP=0x44ebf21c is an unknown value
ESI=0x1a532568 is pointing into object: 0x1a532558
java.lang.ref.SoftReference 
 - klass: 'java/lang/ref/SoftReference'
EDI=0x19d70630 is pointing into object: 0x19d705e8
java.lang.Class 
 - klass: 'java/lang/Class'


Stack: [0x44e70000,0x44ec0000],  sp=0x44ebf1fc,  free space=316k
Native frames: (J=compiled Java code, j=interpreted, Vv=VM code, C=native code)
V  [jvm.dll+0xc0c57]
V  [jvm.dll+0xc8a8d]
V  [jvm.dll+0xc8aad]
V  [jvm.dll+0x1b6ae1]
V  [jvm.dll+0x1b6cdc]
V  [jvm.dll+0x17b633]
V  [jvm.dll+0x17a15a]
V  [jvm.dll+0x98e70]
V  [jvm.dll+0x9a161]
V  [jvm.dll+0x9bf60]
V  [jvm.dll+0x9c3c9]
V  [jvm.dll+0x9b14f]
V  [jvm.dll+0xa73f2]
V  [jvm.dll+0x99d33]
V  [jvm.dll+0x93c65]
V  [jvm.dll+0x1b9f36]
V  [jvm.dll+0x1840eb]
V  [jvm.dll+0x1834f1]
V  [jvm.dll+0x183907]
V  [jvm.dll+0x183b02]
V  [jvm.dll+0x1c3cb6]
C  [msvcr100.dll+0x5c556]
C  [msvcr100.dll+0x5c600]
C  [KERNEL32.DLL+0x18744]
C  [ntdll.dll+0x658ed]
C  [ntdll.dll+0x658bd]

VM_Operation (0x47e1f4dc): GenCollectForAllocation, mode: safepoint, requested by thread 0x46252000


---------------  P R O C E S S  ---------------

Java Threads: ( => current thread )
  0x49c64400 JavaThread "Task worker for ':' Thread 3" [_thread_blocked, id=2872, stack(0x4b4b0000,0x4b500000)]
  0x49c69000 JavaThread "Task worker for ':' Thread 2" [_thread_blocked, id=7572, stack(0x4b420000,0x4b470000)]
  0x49c66800 JavaThread "Task worker for ':'" [_thread_blocked, id=8008, stack(0x4b390000,0x4b3e0000)]
  0x49c69400 JavaThread "Cache worker for Build Output Cleanup Cache (E:\Documenti\AndroidStudioProjects\ud867-Gradle_Exercises\FinalProject\.gradle\buildOutputCleanup)" [_thread_blocked, id=12104, stack(0x4b300000,0x4b350000)]
  0x49c64800 JavaThread "Cache worker for task history cache (E:\Documenti\AndroidStudioProjects\ud867-Gradle_Exercises\FinalProject\.gradle\4.8\taskHistory)" [_thread_blocked, id=2248, stack(0x4b270000,0x4b2c0000)]
  0x46483400 JavaThread "Memory manager" [_thread_blocked, id=3712, stack(0x4aee0000,0x4af30000)]
  0x46483000 JavaThread "Build operations Thread 4" [_thread_blocked, id=10448, stack(0x48ff0000,0x49040000)]
  0x46485400 JavaThread "Build operations Thread 3" [_thread_blocked, id=11408, stack(0x48f60000,0x48fb0000)]
  0x46484c00 JavaThread "Build operations Thread 2" [_thread_blocked, id=10868, stack(0x48ed0000,0x48f20000)]
  0x46483c00 JavaThread "Build operations" [_thread_blocked, id=3876, stack(0x48e40000,0x48e90000)]
  0x46482000 JavaThread "Cache worker for Artifact transforms cache (C:\Users\Raiden\.gradle\caches\transforms-1)" [_thread_blocked, id=10100, stack(0x48bb0000,0x48c00000)]
  0x46484800 JavaThread "Cache worker for file hash cache (E:\Documenti\AndroidStudioProjects\ud867-Gradle_Exercises\FinalProject\.gradle\4.8\fileHashes)" [_thread_blocked, id=10048, stack(0x48210000,0x48260000)]
  0x46484000 JavaThread "File lock request listener" [_thread_in_native, id=4668, stack(0x48180000,0x481d0000)]
  0x46439c00 JavaThread "Cache worker for file hash cache (C:\Users\Raiden\.gradle\caches\4.8\fileHashes)" [_thread_blocked, id=7828, stack(0x480f0000,0x48140000)]
  0x46252400 JavaThread "Stdin handler" [_thread_blocked, id=1104, stack(0x47e60000,0x47eb0000)]
  0x46252000 JavaThread "Asynchronous log dispatcher for DefaultDaemonConnection: socket connection from /127.0.0.1:52151 to /127.0.0.1:52152" [_thread_blocked, id=11632, stack(0x47dd0000,0x47e20000)]
  0x46251800 JavaThread "Daemon worker" [_thread_blocked, id=4832, stack(0x47d40000,0x47d90000)]
  0x46323c00 JavaThread "Cancel handler" [_thread_blocked, id=8932, stack(0x47cb0000,0x47d00000)]
  0x46274000 JavaThread "Handler for socket connection from /127.0.0.1:52151 to /127.0.0.1:52152" [_thread_in_native, id=7220, stack(0x47c20000,0x47c70000)]
  0x4626b400 JavaThread "Daemon" [_thread_blocked, id=804, stack(0x47b90000,0x47be0000)]
  0x46269000 JavaThread "Daemon periodic checks" [_thread_blocked, id=3644, stack(0x47b00000,0x47b50000)]
  0x46260800 JavaThread "Incoming local TCP Connector on port 52151" [_thread_in_native, id=7564, stack(0x47860000,0x478b0000)]
  0x461e8800 JavaThread "Daemon health stats" [_thread_blocked, id=11912, stack(0x47290000,0x472e0000)]
  0x44eefc00 JavaThread "Service Thread" daemon [_thread_blocked, id=2508, stack(0x454a0000,0x454f0000)]
  0x44efb000 JavaThread "C1 CompilerThread0" daemon [_thread_blocked, id=7744, stack(0x45410000,0x45460000)]
  0x44ef9800 JavaThread "Attach Listener" daemon [_thread_blocked, id=11368, stack(0x45380000,0x453d0000)]
  0x44ef7800 JavaThread "Signal Dispatcher" daemon [_thread_blocked, id=7752, stack(0x452f0000,0x45340000)]
  0x44eda400 JavaThread "Finalizer" daemon [_thread_blocked, id=6584, stack(0x45150000,0x451a0000)]
  0x44ec4800 JavaThread "Reference Handler" daemon [_thread_blocked, id=3816, stack(0x450c0000,0x45110000)]
  0x00bcd000 JavaThread "main" [_thread_blocked, id=3984, stack(0x00ae0000,0x00b30000)]

Other Threads:
=>0x00fddc00 VMThread [stack: 0x44e70000,0x44ec0000] [id=3024]
  0x44ef3000 WatcherThread [stack: 0x45530000,0x45580000] [id=3884]

VM state:at safepoint (normal execution)

VM Mutex/Monitor currently owned by a thread:  ([mutex/lock_event])
[0x00bcb518] Threads_lock - owner thread: 0x00fddc00
[0x00bcc1a0] Heap_lock - owner thread: 0x46252000

Heap:
 def new generation   total 17280K, used 1425K [0x04800000, 0x05ac0000, 0x19d50000)
  eden space 15360K,   0% used [0x04800000, 0x04800000, 0x05700000)
  from space 1920K,  74% used [0x058e0000, 0x05a44408, 0x05ac0000)
  to   space 1920K,   0% used [0x05700000, 0x05700000, 0x058e0000)
 tenured generation   total 38708K, used 38693K [0x19d50000, 0x1c31d000, 0x44800000)
   the space 38708K,  99% used [0x19d50000, 0x1c319480, 0x1c319600, 0x1c31d000)
 Metaspace       used 37716K, capacity 38802K, committed 38912K, reserved 39296K

Card table byte_map: [0x44800000,0x44a10000] byte_map_base: 0x447dc000

Polling page: 0x00aa0000

CodeCache: size=32768Kb used=6349Kb max_used=6349Kb free=26418Kb
 bounds [0x027d0000, 0x02e08000, 0x047d0000]
 total_blobs=3587 nmethods=3125 adapters=393
 compilation: enabled

Compilation events (10 events):
Event: 22.357 Thread 0x44efb000 3171             java.lang.reflect.AnnotatedElement::isAnnotationPresent (16 bytes)
Event: 22.357 Thread 0x44efb000 nmethod 3171 0x02e03988 code [0x02e03a90, 0x02e03b3c]
Event: 22.358 Thread 0x44efb000 3172             org.gradle.internal.operations.BuildOperationDescriptor::getId (5 bytes)
Event: 22.358 Thread 0x44efb000 nmethod 3172 0x02e03b88 code [0x02e03c80, 0x02e03d00]
Event: 22.367 Thread 0x44efb000 3173             org.gradle.internal.logging.events.CategorisedOutputEvent::getCategory (5 bytes)
Event: 22.367 Thread 0x44efb000 nmethod 3173 0x02e03d48 code [0x02e03e40, 0x02e03ec0]
Event: 22.645 Thread 0x44efb000 3174             java.util.TreeMap$Entry::getValue (5 bytes)
Event: 22.645 Thread 0x44efb000 nmethod 3174 0x02e03f08 code [0x02e04000, 0x02e04080]
Event: 22.647 Thread 0x44efb000 3175             java.io.File::getAbsolutePath (8 bytes)
Event: 22.647 Thread 0x44efb000 nmethod 3175 0x02e040c8 code [0x02e041d0, 0x02e0426c]

GC Heap History (10 events):
Event: 14.144 GC heap after
Heap after GC invocations=88 (full 4):
 def new generation   total 17280K, used 1861K [0x04800000, 0x05ac0000, 0x19d50000)
  eden space 15360K,   0% used [0x04800000, 0x04800000, 0x05700000)
  from space 1920K,  96% used [0x05700000, 0x058d1568, 0x058e0000)
  to   space 1920K,   0% used [0x058e0000, 0x058e0000, 0x05ac0000)
 tenured generation   total 38196K, used 32948K [0x19d50000, 0x1c29d000, 0x44800000)
   the space 38196K,  86% used [0x19d50000, 0x1bd7d1d8, 0x1bd7d200, 0x1c29d000)
 Metaspace       used 37190K, capacity 38184K, committed 38272K, reserved 38272K
}
Event: 14.215 GC heap before
{Heap before GC invocations=88 (full 4):
 def new generation   total 17280K, used 17221K [0x04800000, 0x05ac0000, 0x19d50000)
  eden space 15360K, 100% used [0x04800000, 0x05700000, 0x05700000)
  from space 1920K,  96% used [0x05700000, 0x058d1568, 0x058e0000)
  to   space 1920K,   0% used [0x058e0000, 0x058e0000, 0x05ac0000)
 tenured generation   total 38196K, used 32948K [0x19d50000, 0x1c29d000, 0x44800000)
   the space 38196K,  86% used [0x19d50000, 0x1bd7d1d8, 0x1bd7d200, 0x1c29d000)
 Metaspace       used 37236K, capacity 38202K, committed 38272K, reserved 38272K
Event: 14.224 GC heap after
Heap after GC invocations=89 (full 4):
 def new generation   total 17280K, used 1352K [0x04800000, 0x05ac0000, 0x19d50000)
  eden space 15360K,   0% used [0x04800000, 0x04800000, 0x05700000)
  from space 1920K,  70% used [0x058e0000, 0x05a320b8, 0x05ac0000)
  to   space 1920K,   0% used [0x05700000, 0x05700000, 0x058e0000)
 tenured generation   total 38196K, used 34315K [0x19d50000, 0x1c29d000, 0x44800000)
   the space 38196K,  89% used [0x19d50000, 0x1bed2d10, 0x1bed2e00, 0x1c29d000)
 Metaspace       used 37236K, capacity 38202K, committed 38272K, reserved 38272K
}
Event: 14.404 GC heap before
{Heap before GC invocations=89 (full 4):
 def new generation   total 17280K, used 16712K [0x04800000, 0x05ac0000, 0x19d50000)
  eden space 15360K, 100% used [0x04800000, 0x05700000, 0x05700000)
  from space 1920K,  70% used [0x058e0000, 0x05a320b8, 0x05ac0000)
  to   space 1920K,   0% used [0x05700000, 0x05700000, 0x058e0000)
 tenured generation   total 38196K, used 34315K [0x19d50000, 0x1c29d000, 0x44800000)
   the space 38196K,  89% used [0x19d50000, 0x1bed2d10, 0x1bed2e00, 0x1c29d000)
 Metaspace       used 37463K, capacity 38497K, committed 38528K, reserved 39296K
Event: 14.412 GC heap after
Heap after GC invocations=90 (full 4):
 def new generation   total 17280K, used 1112K [0x04800000, 0x05ac0000, 0x19d50000)
  eden space 15360K,   0% used [0x04800000, 0x04800000, 0x05700000)
  from space 1920K,  57% used [0x05700000, 0x058160c8, 0x058e0000)
  to   space 1920K,   0% used [0x058e0000, 0x058e0000, 0x05ac0000)
 tenured generation   total 38196K, used 35625K [0x19d50000, 0x1c29d000, 0x44800000)
   the space 38196K,  93% used [0x19d50000, 0x1c01a740, 0x1c01a800, 0x1c29d000)
 Metaspace       used 37463K, capacity 38497K, committed 38528K, reserved 39296K
}
Event: 15.549 GC heap before
{Heap before GC invocations=90 (full 4):
 def new generation   total 17280K, used 16472K [0x04800000, 0x05ac0000, 0x19d50000)
  eden space 15360K, 100% used [0x04800000, 0x05700000, 0x05700000)
  from space 1920K,  57% used [0x05700000, 0x058160c8, 0x058e0000)
  to   space 1920K,   0% used [0x058e0000, 0x058e0000, 0x05ac0000)
 tenured generation   total 38196K, used 35625K [0x19d50000, 0x1c29d000, 0x44800000)
   the space 38196K,  93% used [0x19d50000, 0x1c01a740, 0x1c01a800, 0x1c29d000)
 Metaspace       used 37653K, capacity 38722K, committed 38784K, reserved 39296K
Event: 15.561 GC heap after
Heap after GC invocations=91 (full 4):
 def new generation   total 17280K, used 1298K [0x04800000, 0x05ac0000, 0x19d50000)
  eden space 15360K,   0% used [0x04800000, 0x04800000, 0x05700000)
  from space 1920K,  67% used [0x058e0000, 0x05a24ac0, 0x05ac0000)
  to   space 1920K,   0% used [0x05700000, 0x05700000, 0x058e0000)
 tenured generation   total 38196K, used 36546K [0x19d50000, 0x1c29d000, 0x44800000)
   the space 38196K,  95% used [0x19d50000, 0x1c100848, 0x1c100a00, 0x1c29d000)
 Metaspace       used 37653K, capacity 38722K, committed 38784K, reserved 39296K
}
Event: 19.262 GC heap before
{Heap before GC invocations=91 (full 4):
 def new generation   total 17280K, used 16658K [0x04800000, 0x05ac0000, 0x19d50000)
  eden space 15360K, 100% used [0x04800000, 0x05700000, 0x05700000)
  from space 1920K,  67% used [0x058e0000, 0x05a24ac0, 0x05ac0000)
  to   space 1920K,   0% used [0x05700000, 0x05700000, 0x058e0000)
 tenured generation   total 38196K, used 36546K [0x19d50000, 0x1c29d000, 0x44800000)
   the space 38196K,  95% used [0x19d50000, 0x1c100848, 0x1c100a00, 0x1c29d000)
 Metaspace       used 37689K, capacity 38762K, committed 38784K, reserved 39296K
Event: 19.274 GC heap after
Heap after GC invocations=92 (full 4):
 def new generation   total 17280K, used 1417K [0x04800000, 0x05ac0000, 0x19d50000)
  eden space 15360K,   0% used [0x04800000, 0x04800000, 0x05700000)
  from space 1920K,  73% used [0x05700000, 0x05862568, 0x058e0000)
  to   space 1920K,   0% used [0x058e0000, 0x058e0000, 0x05ac0000)
 tenured generation   total 38196K, used 37566K [0x19d50000, 0x1c29d000, 0x44800000)
   the space 38196K,  98% used [0x19d50000, 0x1c1ffa40, 0x1c1ffc00, 0x1c29d000)
 Metaspace       used 37689K, capacity 38762K, committed 38784K, reserved 39296K
}
Event: 22.659 GC heap before
{Heap before GC invocations=92 (full 4):
 def new generation   total 17280K, used 16777K [0x04800000, 0x05ac0000, 0x19d50000)
  eden space 15360K, 100% used [0x04800000, 0x05700000, 0x05700000)
  from space 1920K,  73% used [0x05700000, 0x05862568, 0x058e0000)
  to   space 1920K,   0% used [0x058e0000, 0x058e0000, 0x05ac0000)
 tenured generation   total 38196K, used 37566K [0x19d50000, 0x1c29d000, 0x44800000)
   the space 38196K,  98% used [0x19d50000, 0x1c1ffa40, 0x1c1ffc00, 0x1c29d000)
 Metaspace       used 37716K, capacity 38802K, committed 38912K, reserved 39296K

Deoptimization events (0 events):
No events

Classes redefined (0 events):
No events

Internal exceptions (10 events):
Event: 21.886 Thread 0x49c64400 NullPointerException at vtable entry 0x02907b6d
Event: 21.886 Thread 0x49c64400 Exception <a 'java/lang/NullPointerException'> (0x050be598) thrown at [C:\re\workspace\8-2-build-windows-i586-cygwin\jdk8u162\10278\hotspot\src\share\vm\runtime\sharedRuntime.cpp, line 605]
Event: 21.908 Thread 0x49c64400 NullPointerException at vtable entry 0x02907b6d
Event: 21.908 Thread 0x49c64400 Exception <a 'java/lang/NullPointerException'> (0x0515f4f8) thrown at [C:\re\workspace\8-2-build-windows-i586-cygwin\jdk8u162\10278\hotspot\src\share\vm\runtime\sharedRuntime.cpp, line 605]
Event: 21.930 Thread 0x49c64400 NullPointerException at vtable entry 0x02907b6d
Event: 21.931 Thread 0x49c64400 Exception <a 'java/lang/NullPointerException'> (0x05237200) thrown at [C:\re\workspace\8-2-build-windows-i586-cygwin\jdk8u162\10278\hotspot\src\share\vm\runtime\sharedRuntime.cpp, line 605]
Event: 21.949 Thread 0x49c64400 NullPointerException at vtable entry 0x02907b6d
Event: 21.949 Thread 0x49c64400 Exception <a 'java/lang/NullPointerException'> (0x052d9600) thrown at [C:\re\workspace\8-2-build-windows-i586-cygwin\jdk8u162\10278\hotspot\src\share\vm\runtime\sharedRuntime.cpp, line 605]
Event: 22.340 Thread 0x49c64400 NullPointerException at vtable entry 0x02907b6d
Event: 22.340 Thread 0x49c64400 Exception <a 'java/lang/NullPointerException'> (0x055520d8) thrown at [C:\re\workspace\8-2-build-windows-i586-cygwin\jdk8u162\10278\hotspot\src\share\vm\runtime\sharedRuntime.cpp, line 605]

Events (10 events):
Event: 19.275 Executing VM operation: RevokeBias done
Event: 19.275 Executing VM operation: RevokeBias
Event: 19.276 Executing VM operation: RevokeBias done
Event: 19.276 Executing VM operation: RevokeBias
Event: 19.276 Executing VM operation: RevokeBias done
Event: 19.276 Executing VM operation: RevokeBias
Event: 19.276 Executing VM operation: RevokeBias done
Event: 19.276 Executing VM operation: RevokeBias
Event: 19.276 Executing VM operation: RevokeBias done
Event: 22.659 Executing VM operation: GenCollectForAllocation


Dynamic libraries:
0x01050000 - 0x01083000 	C:\Program Files (x86)\Java\jdk1.8.0_162\bin\java.exe
0x77220000 - 0x773ad000 	C:\windows\SYSTEM32\ntdll.dll
0x752a0000 - 0x75370000 	C:\windows\System32\KERNEL32.DLL
0x76b90000 - 0x76d52000 	C:\windows\System32\KERNELBASE.dll
0x697a0000 - 0x69833000 	C:\windows\SYSTEM32\apphelp.dll
0x770c0000 - 0x77137000 	C:\windows\System32\ADVAPI32.dll
0x760b0000 - 0x7616d000 	C:\windows\System32\msvcrt.dll
0x76eb0000 - 0x76ef1000 	C:\windows\System32\sechost.dll
0x76180000 - 0x76240000 	C:\windows\System32\RPCRT4.dll
0x73cf0000 - 0x73d10000 	C:\windows\System32\SspiCli.dll
0x73ce0000 - 0x73cea000 	C:\windows\System32\CRYPTBASE.dll
0x758d0000 - 0x75927000 	C:\windows\System32\bcryptPrimitives.dll
0x75f70000 - 0x760ac000 	C:\windows\System32\USER32.dll
0x76d60000 - 0x76d76000 	C:\windows\System32\win32u.dll
0x75470000 - 0x75491000 	C:\windows\System32\GDI32.dll
0x76f00000 - 0x77058000 	C:\windows\System32\gdi32full.dll
0x769c0000 - 0x76a39000 	C:\windows\System32\msvcp_win.dll
0x763b0000 - 0x764c8000 	C:\windows\System32\ucrtbase.dll
0x704e0000 - 0x706ee000 	C:\windows\WinSxS\x86_microsoft.windows.common-controls_6595b64144ccf1df_6.0.15063.1155_none_8874c8f83e239b31\COMCTL32.dll
0x75060000 - 0x75298000 	C:\windows\System32\combase.dll
0x76990000 - 0x769b5000 	C:\windows\System32\IMM32.DLL
0x691e0000 - 0x6929f000 	C:\Program Files (x86)\Java\jdk1.8.0_162\jre\bin\msvcr100.dll
0x66aa0000 - 0x66e70000 	C:\Program Files (x86)\Java\jdk1.8.0_162\jre\bin\client\jvm.dll
0x76820000 - 0x76826000 	C:\windows\System32\PSAPI.DLL
0x72f20000 - 0x72f28000 	C:\windows\SYSTEM32\WSOCK32.dll
0x6fbb0000 - 0x6fbb8000 	C:\windows\SYSTEM32\VERSION.dll
0x73570000 - 0x73594000 	C:\windows\SYSTEM32\WINMM.dll
0x771b0000 - 0x77217000 	C:\windows\System32\WS2_32.dll
0x730e0000 - 0x73103000 	C:\windows\SYSTEM32\winmmbase.dll
0x76d80000 - 0x76db9000 	C:\windows\System32\cfgmgr32.dll
0x69700000 - 0x6970c000 	C:\Program Files (x86)\Java\jdk1.8.0_162\jre\bin\verify.dll
0x691b0000 - 0x691d2000 	C:\Program Files (x86)\Java\jdk1.8.0_162\jre\bin\java.dll
0x69190000 - 0x691a4000 	C:\Program Files (x86)\Java\jdk1.8.0_162\jre\bin\zip.dll
0x73d10000 - 0x75059000 	C:\windows\System32\SHELL32.dll
0x762d0000 - 0x7635c000 	C:\windows\System32\shcore.dll
0x75940000 - 0x75ec7000 	C:\windows\System32\windows.storage.dll
0x76e50000 - 0x76e95000 	C:\windows\System32\shlwapi.dll
0x76ea0000 - 0x76eae000 	C:\windows\System32\kernel.appcore.dll
0x77160000 - 0x771a5000 	C:\windows\System32\powrprof.dll
0x758c0000 - 0x758d0000 	C:\windows\System32\profapi.dll
0x69170000 - 0x69185000 	C:\Program Files (x86)\Java\jdk1.8.0_162\jre\bin\net.dll
0x73c90000 - 0x73cde000 	C:\windows\system32\mswsock.dll
0x69160000 - 0x6916f000 	C:\Program Files (x86)\Java\jdk1.8.0_162\jre\bin\nio.dll
0x69730000 - 0x69749000 	C:\Users\Raiden\.gradle\native\25\windows-i386\native-platform.dll
0x69150000 - 0x6915a000 	C:\Program Files (x86)\Java\jdk1.8.0_162\jre\bin\management.dll
0x73c70000 - 0x73c83000 	C:\windows\SYSTEM32\CRYPTSP.dll
0x73c40000 - 0x73c6f000 	C:\windows\system32\rsaenh.dll
0x73650000 - 0x73668000 	C:\windows\SYSTEM32\bcrypt.dll
0x73670000 - 0x73692000 	C:\windows\SYSTEM32\USERENV.dll
0x72e60000 - 0x72e8f000 	C:\windows\SYSTEM32\IPHLPAPI.DLL
0x76980000 - 0x76987000 	C:\windows\System32\NSI.dll
0x72e40000 - 0x72e53000 	C:\windows\SYSTEM32\dhcpcsvc6.DLL
0x72e20000 - 0x72e34000 	C:\windows\SYSTEM32\dhcpcsvc.DLL
0x69130000 - 0x69150000 	C:\Program Files (x86)\Java\jdk1.8.0_162\jre\bin\sunec.dll
0x72ea0000 - 0x72f1f000 	C:\windows\SYSTEM32\DNSAPI.dll
0x70c80000 - 0x70c88000 	C:\Windows\System32\rasadhlp.dll
0x70c30000 - 0x70c7a000 	C:\windows\System32\fwpuclnt.dll
0x69120000 - 0x69129000 	C:\Program Files (x86)\Java\jdk1.8.0_162\jre\bin\sunmscapi.dll
0x76530000 - 0x766ad000 	C:\windows\System32\CRYPT32.dll
0x75930000 - 0x7593e000 	C:\windows\System32\MSASN1.dll
0x72c50000 - 0x72c78000 	C:\windows\SYSTEM32\ntmarta.dll
0x6a730000 - 0x6a88d000 	C:\windows\SYSTEM32\dbghelp.dll

VM Arguments:
jvm_args: -XX:+HeapDumpOnOutOfMemoryError -Xmx1024m -Dfile.encoding=windows-1252 -Duser.country=IT -Duser.language=it -Duser.variant 
java_command: org.gradle.launcher.daemon.bootstrap.GradleDaemon 4.8
java_class_path (initial): G:\Android\gradle-4.8\lib\gradle-launcher-4.8.jar
Launcher Type: SUN_STANDARD

Environment Variables:
CLASSPATH=G:\Android\gradle-4.8\bin\..\lib\gradle-launcher-4.8.jar
PATH=C:\ProgramData\Oracle\Java\javapath;C:\windows\system32;C:\windows;C:\windows\System32\Wbem;C:\windows\System32\WindowsPowerShell\v1.0\;C:\Program Files (x86)\Skype\Phone\;C:\Users\Raiden\AppData\Local\Android\Sdk\platform-tools\;E:\Documenti\GitHub\Git\bin\;C:\Program Files\nodejs\;C:\Users\Raiden\AppData\Local\Microsoft\WindowsApps;C:\Program Files\Java\jre1.8.0_151\bin;C:\Users\Raiden\AppData\Roaming\npm;C:\Users\Raiden\AppData\Local\SceneBuilder;G:\Android\gradle-4.8\bin;C:\Users\Raiden\AppData\Local\Google\Cloud SDK\google-cloud-sdk\bin
USERNAME=Raiden
OS=Windows_NT
PROCESSOR_IDENTIFIER=Intel64 Family 6 Model 15 Stepping 11, GenuineIntel



---------------  S Y S T E M  ---------------

OS: Windows 10.0 , 64 bit Build 15063 (10.0.15063.1058)

CPU:total 4 (initial active 4) (4 cores per cpu, 1 threads per core) family 6 model 15 stepping 11, cmov, cx8, fxsr, mmx, sse, sse2, sse3, ssse3, tsc

Memory: 4k page, physical 16776236k(9009312k free), swap 19266604k(10044680k free)

vm_info: Java HotSpot(TM) Client VM (25.162-b12) for windows-x86 JRE (1.8.0_162-b12), built on Dec 19 2017 18:59:17 by "java_re" with MS VC++ 10.0 (VS2010)

time: Tue Jul 03 13:37:18 2018
elapsed time: 22 seconds (0d 0h 0m 22s)

